2024-08-26 16:16:29.841  INFO 33160 --- [main] com.example.demo.DemoApplication         : Starting DemoApplication using Java 11.0.22 on DESKTOP-PTJ6JHR with PID 33160 (C:\Users\Playdata\Desktop\git\docker\basic2\demo\build\classes\java\main started by Playdata in C:\Users\Playdata\Desktop\git\docker\basic2\demo)
2024-08-26 16:16:29.844  INFO 33160 --- [main] com.example.demo.DemoApplication         : No active profile set, falling back to 1 default profile: "default"
2024-08-26 16:16:30.588  INFO 33160 --- [main] .s.d.r.c.RepositoryConfigurationDelegate : Bootstrapping Spring Data JPA repositories in DEFAULT mode.
2024-08-26 16:16:30.610  INFO 33160 --- [main] .s.d.r.c.RepositoryConfigurationDelegate : Finished Spring Data repository scanning in 8 ms. Found 0 JPA repository interfaces.
2024-08-26 16:16:32.279  INFO 33160 --- [main] o.s.b.w.embedded.tomcat.TomcatWebServer  : Tomcat initialized with port(s): 8080 (http)
2024-08-26 16:16:32.297  INFO 33160 --- [main] o.apache.catalina.core.StandardService   : Starting service [Tomcat]
2024-08-26 16:16:32.298  INFO 33160 --- [main] org.apache.catalina.core.StandardEngine  : Starting Servlet engine: [Apache Tomcat/9.0.74]
2024-08-26 16:16:32.514  INFO 33160 --- [main] o.a.c.c.C.[Tomcat].[localhost].[/]       : Initializing Spring embedded WebApplicationContext
2024-08-26 16:16:32.515  INFO 33160 --- [main] w.s.c.ServletWebServerApplicationContext : Root WebApplicationContext: initialization completed in 2605 ms
2024-08-26 16:16:32.775  INFO 33160 --- [main] o.hibernate.jpa.internal.util.LogHelper  : HHH000204: Processing PersistenceUnitInfo [name: default]
2024-08-26 16:16:32.885  INFO 33160 --- [main] org.hibernate.Version                    : HHH000412: Hibernate ORM core version 5.6.15.Final
2024-08-26 16:16:33.142  INFO 33160 --- [main] o.hibernate.annotations.common.Version   : HCANN000001: Hibernate Commons Annotations {5.1.2.Final}
2024-08-26 16:16:33.273  INFO 33160 --- [main] com.zaxxer.hikari.HikariDataSource       : HikariPool-1 - Starting...
2024-08-26 16:16:33.357  INFO 33160 --- [main] com.zaxxer.hikari.HikariDataSource       : HikariPool-1 - Start completed.
2024-08-26 16:16:33.383  INFO 33160 --- [main] org.hibernate.dialect.Dialect            : HHH000400: Using dialect: org.hibernate.dialect.MariaDBDialect
2024-08-26 16:16:34.183  INFO 33160 --- [main] o.h.e.t.j.p.i.JtaPlatformInitiator       : HHH000490: Using JtaPlatform implementation: [org.hibernate.engine.transaction.jta.platform.internal.NoJtaPlatform]
2024-08-26 16:16:34.196  INFO 33160 --- [main] j.LocalContainerEntityManagerFactoryBean : Initialized JPA EntityManagerFactory for persistence unit 'default'
2024-08-26 16:16:34.359  WARN 33160 --- [main] JpaBaseConfiguration$JpaWebConfiguration : spring.jpa.open-in-view is enabled by default. Therefore, database queries may be performed during view rendering. Explicitly configure spring.jpa.open-in-view to disable this warning
2024-08-26 16:16:34.867  INFO 33160 --- [main] o.s.b.w.embedded.tomcat.TomcatWebServer  : Tomcat started on port(s): 8080 (http) with context path ''
2024-08-26 16:16:34.879  INFO 33160 --- [main] com.example.demo.DemoApplication         : Started DemoApplication in 5.63 seconds (JVM running for 6.203)
2024-08-26 16:17:27.280  INFO 33160 --- [http-nio-8080-exec-2] o.a.c.c.C.[Tomcat].[localhost].[/]       : Initializing Spring DispatcherServlet 'dispatcherServlet'
2024-08-26 16:17:27.281  INFO 33160 --- [http-nio-8080-exec-2] o.s.web.servlet.DispatcherServlet        : Initializing Servlet 'dispatcherServlet'
2024-08-26 16:17:27.283  INFO 33160 --- [http-nio-8080-exec-2] o.s.web.servlet.DispatcherServlet        : Completed initialization in 1 ms
